[debug] [2022-08-29T08:23:18.842Z] ----------------------------------------------------------------------
[debug] [2022-08-29T08:23:18.844Z] Command:       C:\Program Files\nodejs\node.exe C:\Users\REVANTH\AppData\Roaming\npm\node_modules\firebase-tools\lib\bin\firebase.js init
[debug] [2022-08-29T08:23:18.845Z] CLI Version:   11.8.0
[debug] [2022-08-29T08:23:18.845Z] Platform:      win32
[debug] [2022-08-29T08:23:18.845Z] Node Version:  v16.14.2
[debug] [2022-08-29T08:23:18.846Z] Time:          Mon Aug 29 2022 13:53:18 GMT+0530 (India Standard Time)
[debug] [2022-08-29T08:23:18.847Z] ----------------------------------------------------------------------
[debug] 
[debug] [2022-08-29T08:23:18.858Z] > command requires scopes: ["email","openid","https://www.googleapis.com/auth/cloudplatformprojects.readonly","https://www.googleapis.com/auth/firebase","https://www.googleapis.com/auth/cloud-platform"]
[debug] [2022-08-29T08:23:18.858Z] > authorizing via signed-in user (revanth7111@gmail.com)
[info] 
     ######## #### ########  ######## ########     ###     ######  ########
     ##        ##  ##     ## ##       ##     ##  ##   ##  ##       ##
     ######    ##  ########  ######   ########  #########  ######  ######
     ##        ##  ##    ##  ##       ##     ## ##     ##       ## ##
     ##       #### ##     ## ######## ########  ##     ##  ######  ########

You're about to initialize a Firebase project in this directory:

  C:\Users\REVANTH\Desktop\app\my-app

[info] 
=== Project Setup
[info] 
[info] First, let's associate this project directory with a Firebase project.
[info] You can create multiple project aliases by running firebase use --add, 
[info] but for now we'll just set up a default project.
[info] 
[debug] [2022-08-29T08:27:12.797Z] >>> [apiv2][query] GET https://firebase.googleapis.com/v1beta1/projects pageSize=100
[debug] [2022-08-29T08:27:14.195Z] <<< [apiv2][status] GET https://firebase.googleapis.com/v1beta1/projects 200
[debug] [2022-08-29T08:27:14.196Z] <<< [apiv2][body] GET https://firebase.googleapis.com/v1beta1/projects [omitted]
[info] i  Using project first-f4997 (first) 
[info] 
=== Hosting Setup
[info] 
[info] Your public directory is the folder (relative to your project directory) that
[info] will contain Hosting assets to be uploaded with firebase deploy. If you
[info] have a build process for your assets, use your build's output directory.
[info] 
[info] +  Wrote public/404.html 
[debug] [2022-08-29T08:29:26.748Z] >>> [apiv2][query] GET https://www.gstatic.com/firebasejs/releases.json [none]
[debug] [2022-08-29T08:29:27.032Z] <<< [apiv2][status] GET https://www.gstatic.com/firebasejs/releases.json 200
[debug] [2022-08-29T08:29:27.032Z] <<< [apiv2][body] GET https://www.gstatic.com/firebasejs/releases.json {"current":{"version":"9.9.3","browserURL":"https://www.gstatic.com/firebasejs/9.9.3/firebase.js","packageURL":"https://www.gstatic.com/firebasejs/9.9.3/firebase.tgz"},"live":{"version":"9.9","browserURL":"https://www.gstatic.com/firebasejs/live/9.9/firebase.js","packageURL":"https://www.gstatic.com/firebasejs/live/9.9/firebase.tgz"},"components":{"analytics":"https://www.gstatic.com/firebasejs/9.9.3/firebase-analytics.js","app":"https://www.gstatic.com/firebasejs/9.9.3/firebase-app.js","app-check":"https://www.gstatic.com/firebasejs/9.9.3/firebase-app-check.js","auth":"https://www.gstatic.com/firebasejs/9.9.3/firebase-auth.js","auth/cordova":"https://www.gstatic.com/firebasejs/9.9.3/firebase-auth/cordova.js","auth/react-native":"https://www.gstatic.com/firebasejs/9.9.3/firebase-auth/react-native.js","functions":"https://www.gstatic.com/firebasejs/9.9.3/firebase-functions.js","firestore":"https://www.gstatic.com/firebasejs/9.9.3/firebase-firestore.js","firestore/lite":"https://www.gstatic.com/firebasejs/9.9.3/firebase-firestore/lite.js","installations":"https://www.gstatic.com/firebasejs/9.9.3/firebase-installations.js","storage":"https://www.gstatic.com/firebasejs/9.9.3/firebase-storage.js","performance":"https://www.gstatic.com/firebasejs/9.9.3/firebase-performance.js","remote-config":"https://www.gstatic.com/firebasejs/9.9.3/firebase-remote-config.js","messaging":"https://www.gstatic.com/firebasejs/9.9.3/firebase-messaging.js","messaging/sw":"https://www.gstatic.com/firebasejs/9.9.3/firebase-messaging/sw.js","database":"https://www.gstatic.com/firebasejs/9.9.3/firebase-database.js","firestore.memory":"https://www.gstatic.com/firebasejs/9.9.3/firebase-firestore.memory.js"}}
[info] i  Skipping write of public/index.html 
[info] 
[info] i  Didn't detect a .git folder. Assuming C:\Users\REVANTH\Desktop\app\my-app is the project root. 
[info] i  Authorizing with GitHub to upload your service account to a GitHub repository's secrets store. 
[info] 
[info] Visit this URL on this device to log in:
[info] https://github.com/login/oauth/authorize?client_id=89cf50f02ac6aaed3484&state=624635430&redirect_uri=http%3A%2F%2Flocalhost%3A9005&scope=read%3Auser%20repo%20public_repo
[info] 
[info] Waiting for authentication...
[debug] [2022-08-29T08:29:54.873Z] >>> [apiv2][query] POST https://github.com/login/oauth/access_token [none]
[debug] [2022-08-29T08:29:54.873Z] >>> [apiv2][body] POST https://github.com/login/oauth/access_token [stream]
[debug] [2022-08-29T08:29:57.134Z] <<< [apiv2][status] POST https://github.com/login/oauth/access_token 200
[debug] [2022-08-29T08:29:57.134Z] <<< [apiv2][body] POST https://github.com/login/oauth/access_token {"access_token":"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","token_type":"bearer","scope":"read:user,repo"}
[debug] [2022-08-29T08:29:57.144Z] >>> [apiv2][query] GET https://api.github.com/user [none]
[debug] [2022-08-29T08:29:57.844Z] <<< [apiv2][status] GET https://api.github.com/user 200
[debug] [2022-08-29T08:29:57.844Z] <<< [apiv2][body] GET https://api.github.com/user {"login":"Revanth011","id":83944100,"node_id":"MDQ6VXNlcjgzOTQ0MTAw","avatar_url":"https://avatars.githubusercontent.com/u/83944100?v=4","gravatar_id":"","url":"https://api.github.com/users/Revanth011","html_url":"https://github.com/Revanth011","followers_url":"https://api.github.com/users/Revanth011/followers","following_url":"https://api.github.com/users/Revanth011/following{/other_user}","gists_url":"https://api.github.com/users/Revanth011/gists{/gist_id}","starred_url":"https://api.github.com/users/Revanth011/starred{/owner}{/repo}","subscriptions_url":"https://api.github.com/users/Revanth011/subscriptions","organizations_url":"https://api.github.com/users/Revanth011/orgs","repos_url":"https://api.github.com/users/Revanth011/repos","events_url":"https://api.github.com/users/Revanth011/events{/privacy}","received_events_url":"https://api.github.com/users/Revanth011/received_events","type":"User","site_admin":false,"name":null,"company":null,"blog":"","location":null,"email":null,"hireable":null,"bio":null,"twitter_username":null,"public_repos":15,"public_gists":0,"followers":0,"following":0,"created_at":"2021-05-10T07:03:33Z","updated_at":"2022-08-21T14:32:52Z","private_gists":0,"total_private_repos":1,"owned_private_repos":1,"disk_usage":23960,"collaborators":0,"two_factor_authentication":false,"plan":{"name":"free","space":976562499,"collaborators":0,"private_repos":10000}}
[info] 
[info] +  Success! Logged into GitHub as Revanth011 
[info] 
